<?xml version="1.0" encoding="UTF-8"?>
<!-- Generated by org.testng.reporters.JUnitXMLReporter -->
<testsuite ignored="0" hostname="TYSS-Chandana" failures="1" tests="1" name="Test8" time="52.03" errors="0" timestamp="2022-11-14T16:19:50 IST">
  <testcase classname="com.miko.EndToEndTests.MIKO_AI_EE_TC_008" name="MIKO_AI_EE_TC_008_Test" time="38.537">
    <failure type="java.lang.StringIndexOutOfBoundsException" message="Range [1, 4) out of bounds for length 0">
      <![CDATA[java.lang.StringIndexOutOfBoundsException: Range [1, 4) out of bounds for length 0
at java.base/jdk.internal.util.Preconditions$1.apply(Preconditions.java:55)
at java.base/jdk.internal.util.Preconditions$1.apply(Preconditions.java:52)
at java.base/jdk.internal.util.Preconditions$4.apply(Preconditions.java:213)
at java.base/jdk.internal.util.Preconditions$4.apply(Preconditions.java:210)
at java.base/jdk.internal.util.Preconditions.outOfBounds(Preconditions.java:98)
at java.base/jdk.internal.util.Preconditions.outOfBoundsCheckFromToIndex(Preconditions.java:112)
at java.base/jdk.internal.util.Preconditions.checkFromToIndex(Preconditions.java:349)
at java.base/java.lang.String.checkBoundsBeginEnd(String.java:4589)
at java.base/java.lang.String.substring(String.java:2703)
at com.miko.EndToEndTests.MIKO_AI_EE_TC_008.MIKO_AI_EE_TC_008_Test(MIKO_AI_EE_TC_008.java:78)
at java.base/java.util.ArrayList.forEach(ArrayList.java:1511)
... Removed 25 stack frames]]>
    </failure>
  </testcase> <!-- MIKO_AI_EE_TC_008_Test -->
</testsuite> <!-- Test8 -->
