<?xml version="1.0" encoding="UTF-8"?>
<!-- Generated by org.testng.reporters.JUnitXMLReporter -->
<testsuite ignored="0" hostname="TYSS-Chandana" failures="0" tests="1" name="INDIA" time="2.278" errors="0" timestamp="2022-11-14T17:13:19 IST">
  <testcase classname="com.miko.genericLibrary.BaseClass" name="@BeforeMethod beforeMethod" time="-1.668426198544E9">
    <failure type="org.testng.TestNGException" message="
Parameter &amp;apos;env&amp;apos; is required by BeforeMethod on method beforeMethod but has not been marked @Optional or defined
in C:\Users\User\eclipse-workspace\MikoWorkspace\MikoProject\Miko\testng1.xml">
      <![CDATA[org.testng.TestNGException: 
Parameter 'env' is required by BeforeMethod on method beforeMethod but has not been marked @Optional or defined
in C:\Users\User\eclipse-workspace\MikoWorkspace\MikoProject\Miko\testng1.xml
at java.base/java.util.ArrayList.forEach(ArrayList.java:1511)
... Removed 28 stack frames]]>
    </failure>
  </testcase> <!-- @BeforeMethod beforeMethod -->
  <testcase classname="com.miko.EndToEndTests.MIKO_AI_EE_TC_010" name="MIKO_AI_EE_TC_010_Test" time="0.0">
    <skipped/>
  </testcase> <!-- MIKO_AI_EE_TC_010_Test -->
</testsuite> <!-- INDIA -->
